Unable to capture context for thread 11292 in process 21460, can not generate back trace
Unable to capture context for thread 31668 in process 21460, can not generate back trace
Unable to capture context for thread 29124 in process 21460, can not generate back trace
Exception at PC 0x00007FFD34AA4ED9
Unable to capture context for thread 29124 in process 21460, can not generate back trace
Exception at PC 0x00007FFC7DCEBB93
Printing stacktrace...

Exception at PC 0x00007FFD34AA4ED9
Exception at PC 0x00007FFD34AA4ED9
Exception at PC 0x00007FFD34AA4ED9
Exception at PC 0x00007FFD34AA4ED9
Exception at PC 0x00007FFD34AA4ED9
Exception at PC 0x00007FFD34AA4ED9
Exception at PC 0x00007FFD34AA4ED9
Exception at PC 0x00007FFD34AA4ED9
Exception at PC 0x00007FFD34AA4ED9
Exception at PC 0x00007FFD34AA4ED9
[0]  [0x00007FFC7DCEBB93]
[1]  [0x00007FFC7DCEBB93]
[2]  [0x00007FFC7DCEB4A1]
[3]  [0x00007FFC7DCEB3EF]
[4]  [0x00007FFC7DCD19FE]
[5]  [0x00007FFC7DCD0ED1]
[6]  [0x00007FFC7DCD0D76]
[7]  [0x00007FFC7DC779F6]
[8]  [0x00007FFC7DC67AFB]
[9]  [0x00007FFC7DD8E90A]
[10]  [0x00007FFC7DDA9F87]
[11]  [0x00007FFC7DDAA05F]
[12] (BaseThreadInitThunk+0x14) [0x00007FFD36677034]
[13] (RtlUserThreadStart+0x21) [0x00007FFD36FA2651]
Done
Exception at PC 0x00007FFD34AA4ED9
Exception at PC 0x00007FFD34AA4ED9
Exception at PC 0x00007FFD34AA4ED9
Exception at PC 0x00007FFD34AA4ED9
Exception at PC 0x00007FFD34AA4ED9
Exception at PC 0x00007FFD34AA4ED9
Exception at PC 0x00007FFD34AA4ED9
